<?xml version="1.0" encoding="UTF-8"?>
<!-- Generated by org.testng.reporters.JUnitXMLReporter -->
<testsuite hostname="mrane" name="Default test" tests="4" failures="0" timestamp="11 Oct 2018 06:53:22 GMT" time="7.106" errors="0">
  <testcase name="getRequestSchemaValidation" time="3.568" classname="RestApiTest.UseCase1Test"/>
  <testcase name="getRequestWithParams" time="1.635" classname="RestApiTest.UseCase1Test"/>
  <testcase name="sampleGetTestOne" time="1.057" classname="RestApiTest.UseCase1Test"/>
  <testcase name="sampleGetTests" time="0.816" classname="RestApiTest.UseCase1Test"/>
</testsuite> <!-- Default test -->
